<?xml version="1.0" encoding="utf-8"?><testsuites name="pytest tests"><testsuite name="pytest" errors="0" failures="7" skipped="0" tests="43" time="5.203" timestamp="2026-07-06T19:35:50.755104+00:00" hostname="agent-env-9988b740-7040-4741-8516-901c8a630c9d"><testcase classname="backend.tests.test_forge_backend.TestHealth" name="test_health_ok" time="0.223" /><testcase classname="backend.tests.test_forge_backend.TestAuth" name="test_staff_login_success" time="0.271" /><testcase classname="backend.tests.test_forge_backend.TestAuth" name="test_staff_login_invalid_password" time="0.266" /><testcase classname="backend.tests.test_forge_backend.TestAuth" name="test_staff_me" time="0.320" /><testcase classname="backend.tests.test_forge_backend.TestAuth" name="test_customer_login" time="0.271" /><testcase classname="backend.tests.test_forge_backend.TestDashboard" name="test_dashboard_stats" time="0.049" /><testcase classname="backend.tests.test_forge_backend.TestCatalog" name="test_brands" time="0.048" /><testcase classname="backend.tests.test_forge_backend.TestCatalog" name="test_categories" time="0.049" /><testcase classname="backend.tests.test_forge_backend.TestCatalog" name="test_products_list" time="0.058" /><testcase classname="backend.tests.test_forge_backend.TestCatalog" name="test_products_search" time="0.104" /><testcase classname="backend.tests.test_forge_backend.TestCatalog" name="test_products_brand_filter" time="0.095" /><testcase classname="backend.tests.test_forge_backend.TestCatalog" name="test_get_single_product" time="0.109" /><testcase classname="backend.tests.test_forge_backend.TestCustomers" name="test_list_customers" time="0.046" /><testcase classname="backend.tests.test_forge_backend.TestQuotations" name="test_create_quotation_totals" time="0.420"><failure message="KeyError: 'tax_total'">backend/tests/test_forge_backend.py:215: in test_create_quotation_totals
    gt_check = round(q["subtotal"] - q["discount_total"] + q["tax_total"], 2)
                                                           ^^^^^^^^^^^^^^
E   KeyError: 'tax_total'</failure></testcase><testcase classname="backend.tests.test_forge_backend.TestQuotations" name="test_list_quotations" time="0.051" /><testcase classname="backend.tests.test_forge_backend.TestQuotations" name="test_get_quotation" time="0.051" /><testcase classname="backend.tests.test_forge_backend.TestQuotations" name="test_update_quotation_status" time="0.052" /><testcase classname="backend.tests.test_forge_backend.TestQuotations" name="test_quotation_pdf_staff" time="0.059" /><testcase classname="backend.tests.test_forge_backend.TestRBAC" name="test_worker_cannot_create_quotation" time="0.359" /><testcase classname="backend.tests.test_forge_backend.TestRBAC" name="test_sales_can_create_quotation" time="0.000" /><testcase classname="backend.tests.test_forge_backend.TestRBAC" name="test_worker_cannot_list_team" time="0.044" /><testcase classname="backend.tests.test_forge_backend.TestCustomerPortal" name="test_portal_quotations_scoped" time="0.323" /><testcase classname="backend.tests.test_forge_backend.TestCustomerPortal" name="test_portal_pdf" time="0.050" /><testcase classname="backend.tests.test_forge_backend.TestScaffold" name="test_authorised_scaffolds[/purchase-orders]" time="0.049" /><testcase classname="backend.tests.test_forge_backend.TestScaffold" name="test_authorised_scaffolds[/payments]" time="0.046" /><testcase classname="backend.tests.test_forge_backend.TestScaffold" name="test_authorised_scaffolds[/followups]" time="0.058" /><testcase classname="backend.tests.test_forge_backend.TestScaffold" name="test_authorised_scaffolds[/notifications]" time="0.050" /><testcase classname="backend.tests.test_forge_backend.TestScaffold" name="test_authorised_scaffolds[/reports/overview]" time="0.048" /><testcase classname="backend.tests.test_forge_backend.TestScaffold" name="test_team_manager_plus" time="0.048" /><testcase classname="backend.tests.test_quotation_v2.TestDiscountCreate" name="test_create_with_project_and_category_discounts" time="0.823"><failure message="AssertionError: (189200.0, 223256.0)&#10;assert 34056.0 &lt; 0.05&#10; +  where 34056.0 = abs((189200.0 - 223256.0))">backend/tests/test_quotation_v2.py:104: in test_create_with_project_and_category_discounts
    assert abs(q["grand_total"] - expected_grand) &lt; 0.05, (q["grand_total"], expected_grand)
E   AssertionError: (189200.0, 223256.0)
E   assert 34056.0 &lt; 0.05
E    +  where 34056.0 = abs((189200.0 - 223256.0))</failure></testcase><testcase classname="backend.tests.test_quotation_v2.TestBreakdown" name="test_breakdown_sources" time="0.000"><failure message="AssertionError: prev test must have created quotation&#10;assert None">backend/tests/test_quotation_v2.py:112: in test_breakdown_sources
    assert qid, "prev test must have created quotation"
E   AssertionError: prev test must have created quotation
E   assert None</failure></testcase><testcase classname="backend.tests.test_quotation_v2.TestAutosave" name="test_silent_does_not_add_revision" time="0.000"><failure message="AttributeError: module 'pytest' has no attribute 'qid'">backend/tests/test_quotation_v2.py:133: in test_silent_does_not_add_revision
    qid = pytest.qid
          ^^^^^^^^^^
E   AttributeError: module 'pytest' has no attribute 'qid'</failure></testcase><testcase classname="backend.tests.test_quotation_v2.TestDiscountPriority" name="test_line_override_beats_category_beats_project" time="0.124" /><testcase classname="backend.tests.test_quotation_v2.TestDiscountPriority" name="test_no_category_falls_back_to_project" time="0.118" /><testcase classname="backend.tests.test_quotation_v2.TestCollapsedRooms" name="test_collapsed_rooms_persist" time="0.000"><failure message="AttributeError: module 'pytest' has no attribute 'qid'">backend/tests/test_quotation_v2.py:210: in test_collapsed_rooms_persist
    qid = pytest.qid
          ^^^^^^^^^^
E   AttributeError: module 'pytest' has no attribute 'qid'</failure></testcase><testcase classname="backend.tests.test_quotation_v2.TestDuplicate" name="test_duplicate_creates_new_with_same_items" time="0.000"><failure message="AttributeError: module 'pytest' has no attribute 'qid'">backend/tests/test_quotation_v2.py:226: in test_duplicate_creates_new_with_same_items
    qid = pytest.qid
          ^^^^^^^^^^
E   AttributeError: module 'pytest' has no attribute 'qid'</failure></testcase><testcase classname="backend.tests.test_quotation_v2.TestRecentFrequent" name="test_recent_returns_used_products" time="0.057" /><testcase classname="backend.tests.test_quotation_v2.TestRecentFrequent" name="test_frequent_ordered_by_count" time="0.056" /><testcase classname="backend.tests.test_quotation_v2.TestRegression" name="test_dashboard_stats" time="0.053" /><testcase classname="backend.tests.test_quotation_v2.TestRegression" name="test_products_list" time="0.057" /><testcase classname="backend.tests.test_quotation_v2.TestRegression" name="test_customers_list" time="0.056" /><testcase classname="backend.tests.test_quotation_v2.TestRegression" name="test_quotations_list" time="0.057" /><testcase classname="backend.tests.test_quotation_v2.TestRegression" name="test_pdf_still_works" time="0.000"><failure message="AttributeError: module 'pytest' has no attribute 'qid'">backend/tests/test_quotation_v2.py:288: in test_pdf_still_works
    qid = pytest.qid
          ^^^^^^^^^^
E   AttributeError: module 'pytest' has no attribute 'qid'</failure></testcase></testsuite></testsuites>