<?xml version="1.0" encoding="utf-8"?><testsuites name="pytest tests"><testsuite name="pytest" errors="0" failures="0" skipped="0" tests="24" time="27.835" timestamp="2026-07-31T11:20:20.238298+00:00" hostname="agent-env-5191108a-83e5-4e9e-9055-72c63fce32c2"><testcase classname="tests.test_tile_orders_dispatch_workflow.TestDispatchListEndpoint" name="test_returns_200_with_expected_shape" time="2.115" /><testcase classname="tests.test_tile_orders_dispatch_workflow.TestDispatchListEndpoint" name="test_rows_never_contain_release_or_godown_movement_rows" time="0.734" /><testcase classname="tests.test_tile_orders_dispatch_workflow.TestDispatchListEndpoint" name="test_filter_by_search_customer_name" time="0.733" /><testcase classname="tests.test_tile_orders_dispatch_workflow.TestDispatchListEndpoint" name="test_filter_by_search_product_name" time="0.733" /><testcase classname="tests.test_tile_orders_dispatch_workflow.TestDispatchListEndpoint" name="test_filter_by_chalan_number" time="1.466" /><testcase classname="tests.test_tile_orders_dispatch_workflow.TestDispatchListEndpoint" name="test_filter_by_dispatch_number" time="1.475" /><testcase classname="tests.test_tile_orders_dispatch_workflow.TestDispatchListEndpoint" name="test_filter_by_customer_id" time="1.468" /><testcase classname="tests.test_tile_orders_dispatch_workflow.TestDispatchListEndpoint" name="test_filter_by_brand_id" time="1.426" /><testcase classname="tests.test_tile_orders_dispatch_workflow.TestDispatchListEndpoint" name="test_filter_by_product" time="0.733" /><testcase classname="tests.test_tile_orders_dispatch_workflow.TestDispatchListEndpoint" name="test_filter_by_status_dispatched" time="0.733" /><testcase classname="tests.test_tile_orders_dispatch_workflow.TestDispatchListEndpoint" name="test_filter_by_status_at_godown_is_currently_unreachable" time="0.965" /><testcase classname="tests.test_tile_orders_dispatch_workflow.TestDispatchListEndpoint" name="test_filter_by_date_range" time="0.732" /><testcase classname="tests.test_tile_orders_dispatch_workflow.TestMaterialMovementsEndpoint" name="test_returns_200_with_rows" time="0.277" /><testcase classname="tests.test_tile_orders_dispatch_workflow.TestMaterialMovementsEndpoint" name="test_dispatch_type_rows_have_chalan_numbers_others_dont" time="0.276" /><testcase classname="tests.test_tile_orders_dispatch_workflow.TestMaterialMovementsEndpoint" name="test_search_filters_by_customer_name" time="0.274" /><testcase classname="tests.test_tile_orders_dispatch_workflow.TestOrderPlacementCreatesOrderCreatedMovement" name="test_place_order_writes_order_created_movement" time="11.632" /><testcase classname="tests.test_tile_orders_dispatch_workflow.TestRegressionQuotationsAndPurchases" name="test_quotations_list_loads" time="0.952" /><testcase classname="tests.test_tile_orders_dispatch_workflow.TestRegressionQuotationsAndPurchases" name="test_purchases_shortages_loads" time="0.277" /><testcase classname="tests.test_tile_orders_dispatch_workflow.TestRegressionQuotationsAndPurchases" name="test_tile_orders_customer_orders_loads" time="0.278" /><testcase classname="tests.test_tile_orders_dispatch_workflow.TestRegressionQuotationsAndPurchases" name="test_tile_orders_brands_loads" time="0.279" /><testcase classname="tests.unit.test_tile_orders_dispatch_list" name="test_dispatch_list_flattens_chalan_lines" time="0.021" /><testcase classname="tests.unit.test_tile_orders_dispatch_list" name="test_dispatch_list_filters_by_brand" time="0.001" /><testcase classname="tests.unit.test_tile_orders_dispatch_list" name="test_dispatch_list_returns_no_rows_for_unknown_brand" time="0.001" /><testcase classname="tests.unit.test_tile_orders_dispatch_list" name="test_item_history_merges_ready_and_dispatch_events" time="0.001" /></testsuite></testsuites>