<?xml version="1.0" encoding="utf-8"?><testsuites name="pytest tests"><testsuite name="pytest" errors="0" failures="0" skipped="0" tests="17" time="5.072" timestamp="2026-07-06T19:35:39.503835+00:00" hostname="agent-env-9988b740-7040-4741-8516-901c8a630c9d"><testcase classname="backend.tests.test_followups_v2.TestEventTriggeredReconciliation" name="test_quotation_status_change_triggers_reconcile" time="1.879" /><testcase classname="backend.tests.test_followups_v2.TestEventTriggeredReconciliation" name="test_order_confirm_and_payment_and_dispatch_trigger_reconcile" time="1.067" /><testcase classname="backend.tests.test_followups_v2.TestNoAnswerEscalation" name="test_second_no_answer_escalates" time="0.150" /><testcase classname="backend.tests.test_followups_v2.TestStatsFields" name="test_stats_has_new_fields" time="0.049" /><testcase classname="backend.tests.test_followups_v2.TestDetailStats" name="test_detail_stats_new_fields" time="0.360" /><testcase classname="backend.tests.test_followups_v2.TestExport" name="test_export_xlsx" time="0.062" /><testcase classname="backend.tests.test_followups_v2.TestExport" name="test_export_csv" time="0.050" /><testcase classname="backend.tests.test_followups_v2.TestExport" name="test_export_respects_filters" time="0.048" /><testcase classname="backend.tests.test_followups_v2.TestExport" name="test_export_route_ordering_not_confused_with_followup_id" time="0.055" /><testcase classname="backend.tests.test_followups_v2.TestSavedViews" name="test_create_list_delete_saved_view" time="0.208" /><testcase classname="backend.tests.test_followups_v2.TestSavedViews" name="test_saved_view_scoped_to_user" time="0.410" /><testcase classname="backend.tests.test_followups_v2.TestRegressionExistingEndpoints" name="test_reconcile_manual" time="0.057" /><testcase classname="backend.tests.test_followups_v2.TestRegressionExistingEndpoints" name="test_mission" time="0.050" /><testcase classname="backend.tests.test_followups_v2.TestRegressionExistingEndpoints" name="test_insights" time="0.055" /><testcase classname="backend.tests.test_followups_v2.TestRegressionExistingEndpoints" name="test_list_with_filters" time="0.049" /><testcase classname="backend.tests.test_followups_v2.TestRegressionExistingEndpoints" name="test_create_patch_snooze_complete_contact_dismiss" time="0.343" /><testcase classname="backend.tests.test_followups_v2.TestRegressionExistingEndpoints" name="test_config_rules_and_assignees" time="0.106" /></testsuite></testsuites>