<?xml version="1.0" encoding="utf-8"?><testsuites name="pytest tests"><testsuite name="pytest" errors="0" failures="3" skipped="0" tests="9" time="3.497" timestamp="2026-07-14T09:38:42.411507+00:00" hostname="agent-env-99e2c229-53e4-44df-84c8-7849dd1690ae"><testcase classname="backend.tests.test_catalog_variant_image_contamination.TestCrossContaminationByBrand" name="test_no_same_image_across_different_colours[Vitra]" time="1.619"><failure message="Failed: Vitra: 31 families have the SAME image shared across DIFFERENT colours:&#10;  - family=vitra:csw:integra:rim-ex-wc-with-bidet colours=['matt white', 'white'] image=https://vburaxruvbnbahegtbya.supabase.co/storage/v1/object/public/forge-products/vitra/vitra-csw-integra-rim-ex-wc-with-bidet/supplier/hero-012ad77486b9.jpg&#10;  - family=vitra:csw:integra:rim-ex-wc colours=['matt white', 'white'] image=https://vburaxruvbnbahegtbya.supabase.co/storage/v1/object/public/forge-products/vitra/vitra-csw-integra-rim-ex-wc/supplier/hero-012ad77486b9.jpg&#10;  - family=vitra:csw:integra-square:rim-ex-wc-with-bidet colours=['matt white', 'white'] image=https://vburaxruvbnbahegtbya.supabase.co/storage/v1/object/public/forge-products/vitra/vitra-csw-integra-square-rim-ex-wc-with-bidet/supplier/hero-3cc64e393009.jpg&#10;  - family=vitra:csw:integra-square:rim-ex-wc colours=['matt white', 'white'] image=https://vburaxruvbnbahegtbya.supabase.co/storage/v1/object/public/forge-products/vitra/vitra-csw-integra-square-rim-ex-wc/supplier/hero-3cc64e393009.jpg&#10;  - family=vitra:csw:memoria:rim-ex-wc-with-bidet colours=['matt white', 'white'] image=https://vburaxruvbnbahegtbya.supabase.co/storage/v1/object/public/forge-products/vitra/vitra-csw-memoria-rim-ex-wc-with-bidet/supplier/hero-a05d12e5b9e6.jpg&#10;  - family=vitra:csw:memoria:rim-ex-wc colours=['matt white', 'white'] image=https://vburaxruvbnbahegtbya.supabase.co/storage/v1/object/public/forge-products/vitra/vitra-csw-memoria-rim-ex-wc/supplier/hero-a05d12e5b9e6.jpg&#10;  - family=vitra:csw:metropole:rim-ex-wc-with-bidet colours=['matt white', 'white'] image=https://vburaxruvbnbahegtbya.supabase.co/storage/v1/object/public/forge-products/vitra/vitra-csw-metropole-rim-ex-wc-with-bidet/supplier/hero-241e22eb53aa.jpg&#10;  - family=vitra:csw:metropole:rim-ex-wc colours=['matt white', 'white'] image=https://vburaxruvbnbahegtbya.supabase.co/storage/v1/object/public/forge-products/vitra/vitra-csw-metropole-rim-ex-wc/supplier/hero-241e22eb53aa.jpg&#10;  - family=vitra:csw:metropole-round-quantum:rim-ex-wc-with-bidet colours=['matt white', 'white'] image=https://vburaxruvbnbahegtbya.supabase.co/storage/v1/object/public/forge-products/vitra/vitra-csw-metropole-round-quantum-rim-ex-wc-with-bidet/supplier/hero-43a86d74b440.jpg&#10;  - family=vitra:csw:metropole-round-quantum:rim-ex-wc colours=['matt white', 'white'] image=https://vburaxruvbnbahegtbya.supabase.co/storage/v1/object/public/forge-products/vitra/vitra-csw-metropole-round-quantum-rim-ex-wc/supplier/hero-43a86d74b440.jpg&#10;  - family=vitra:csw:metropole-square-quantum:rim-ex-wc-with-bidet colours=['matt white', 'white'] image=https://vburaxruvbnbahegtbya.supabase.co/storage/v1/object/public/forge-products/vitra/vitra-csw-metropole-square-quantum-rim-ex-wc-with-bidet/supplier/hero-ed136b2872a1.jpg&#10;  - family=vitra:csw:metropole-square-quantum:rim-ex-wc colours=['matt white', 'white'] image=https://vburaxruvbnbahegtbya.supabase.co/storage/v1/object/public/forge-products/vitra/vitra-csw-metropole-square-quantum-rim-ex-wc/supplier/hero-ed136b2872a1.jpg&#10;  - family=vitra:csw:metropole-undercounter:600mm colours=['matt white', 'white'] image=https://vburaxruvbnbahegtbya.supabase.co/storage/v1/object/public/forge-products/vitra/vitra-csw-metropole-undercounter-600mm/supplier/hero-2290c00be900.webp&#10;  - family=vitra:csw:metropole-undercounter:800mm colours=['matt white', 'white'] image=https://vburaxruvbnbahegtbya.supabase.co/storage/v1/object/public/forge-products/vitra/vitra-csw-metropole-undercounter-800mm/supplier/hero-f15c50d63d16.webp&#10;  - family=vitra:csw:metropole-with-tap-hole:600mm colours=['matt white', 'white'] image=https://vburaxruvbnbahegtbya.supabase.co/storage/v1/object/public/forge-products/vitra/vitra-csw-metropole-with-tap-hole-600mm/supplier/hero-a34e4d6364c7.png">backend/tests/test_catalog_variant_image_contamination.py:110: in test_no_same_image_across_different_colours
    pytest.fail(msg)
E   Failed: Vitra: 31 families have the SAME image shared across DIFFERENT colours:
E     - family=vitra:csw:integra:rim-ex-wc-with-bidet colours=['matt white', 'white'] image=https://vburaxruvbnbahegtbya.supabase.co/storage/v1/object/public/forge-products/vitra/vitra-csw-integra-rim-ex-wc-with-bidet/supplier/hero-012ad77486b9.jpg
E     - family=vitra:csw:integra:rim-ex-wc colours=['matt white', 'white'] image=https://vburaxruvbnbahegtbya.supabase.co/storage/v1/object/public/forge-products/vitra/vitra-csw-integra-rim-ex-wc/supplier/hero-012ad77486b9.jpg
E     - family=vitra:csw:integra-square:rim-ex-wc-with-bidet colours=['matt white', 'white'] image=https://vburaxruvbnbahegtbya.supabase.co/storage/v1/object/public/forge-products/vitra/vitra-csw-integra-square-rim-ex-wc-with-bidet/supplier/hero-3cc64e393009.jpg
E     - family=vitra:csw:integra-square:rim-ex-wc colours=['matt white', 'white'] image=https://vburaxruvbnbahegtbya.supabase.co/storage/v1/object/public/forge-products/vitra/vitra-csw-integra-square-rim-ex-wc/supplier/hero-3cc64e393009.jpg
E     - family=vitra:csw:memoria:rim-ex-wc-with-bidet colours=['matt white', 'white'] image=https://vburaxruvbnbahegtbya.supabase.co/storage/v1/object/public/forge-products/vitra/vitra-csw-memoria-rim-ex-wc-with-bidet/supplier/hero-a05d12e5b9e6.jpg
E     - family=vitra:csw:memoria:rim-ex-wc colours=['matt white', 'white'] image=https://vburaxruvbnbahegtbya.supabase.co/storage/v1/object/public/forge-products/vitra/vitra-csw-memoria-rim-ex-wc/supplier/hero-a05d12e5b9e6.jpg
E     - family=vitra:csw:metropole:rim-ex-wc-with-bidet colours=['matt white', 'white'] image=https://vburaxruvbnbahegtbya.supabase.co/storage/v1/object/public/forge-products/vitra/vitra-csw-metropole-rim-ex-wc-with-bidet/supplier/hero-241e22eb53aa.jpg
E     - family=vitra:csw:metropole:rim-ex-wc colours=['matt white', 'white'] image=https://vburaxruvbnbahegtbya.supabase.co/storage/v1/object/public/forge-products/vitra/vitra-csw-metropole-rim-ex-wc/supplier/hero-241e22eb53aa.jpg
E     - family=vitra:csw:metropole-round-quantum:rim-ex-wc-with-bidet colours=['matt white', 'white'] image=https://vburaxruvbnbahegtbya.supabase.co/storage/v1/object/public/forge-products/vitra/vitra-csw-metropole-round-quantum-rim-ex-wc-with-bidet/supplier/hero-43a86d74b440.jpg
E     - family=vitra:csw:metropole-round-quantum:rim-ex-wc colours=['matt white', 'white'] image=https://vburaxruvbnbahegtbya.supabase.co/storage/v1/object/public/forge-products/vitra/vitra-csw-metropole-round-quantum-rim-ex-wc/supplier/hero-43a86d74b440.jpg
E     - family=vitra:csw:metropole-square-quantum:rim-ex-wc-with-bidet colours=['matt white', 'white'] image=https://vburaxruvbnbahegtbya.supabase.co/storage/v1/object/public/forge-products/vitra/vitra-csw-metropole-square-quantum-rim-ex-wc-with-bidet/supplier/hero-ed136b2872a1.jpg
E     - family=vitra:csw:metropole-square-quantum:rim-ex-wc colours=['matt white', 'white'] image=https://vburaxruvbnbahegtbya.supabase.co/storage/v1/object/public/forge-products/vitra/vitra-csw-metropole-square-quantum-rim-ex-wc/supplier/hero-ed136b2872a1.jpg
E     - family=vitra:csw:metropole-undercounter:600mm colours=['matt white', 'white'] image=https://vburaxruvbnbahegtbya.supabase.co/storage/v1/object/public/forge-products/vitra/vitra-csw-metropole-undercounter-600mm/supplier/hero-2290c00be900.webp
E     - family=vitra:csw:metropole-undercounter:800mm colours=['matt white', 'white'] image=https://vburaxruvbnbahegtbya.supabase.co/storage/v1/object/public/forge-products/vitra/vitra-csw-metropole-undercounter-800mm/supplier/hero-f15c50d63d16.webp
E     - family=vitra:csw:metropole-with-tap-hole:600mm colours=['matt white', 'white'] image=https://vburaxruvbnbahegtbya.supabase.co/storage/v1/object/public/forge-products/vitra/vitra-csw-metropole-with-tap-hole-600mm/supplier/hero-a34e4d6364c7.png</failure></testcase><testcase classname="backend.tests.test_catalog_variant_image_contamination.TestCrossContaminationByBrand" name="test_no_same_image_across_different_colours[Geberit]" time="0.335" /><testcase classname="backend.tests.test_catalog_variant_image_contamination.TestCrossContaminationByBrand" name="test_no_same_image_across_different_colours[Grohe]" time="0.320"><failure message="Failed: Grohe: 1 families have the SAME image shared across DIFFERENT colours:&#10;  - family=grohe:thermostat:grohtherm-smartcontrol-thermostat-square-3-control colours=['code 6gl0', 'code 6gn0'] image=https://vburaxruvbnbahegtbya.supabase.co/storage/v1/object/public/forge-products/grohe/grohe-thermostat-grohtherm-smartcontrol-thermostat-square-3-control/supplier/hero-02799ba81a4c.jpg">backend/tests/test_catalog_variant_image_contamination.py:110: in test_no_same_image_across_different_colours
    pytest.fail(msg)
E   Failed: Grohe: 1 families have the SAME image shared across DIFFERENT colours:
E     - family=grohe:thermostat:grohtherm-smartcontrol-thermostat-square-3-control colours=['code 6gl0', 'code 6gn0'] image=https://vburaxruvbnbahegtbya.supabase.co/storage/v1/object/public/forge-products/grohe/grohe-thermostat-grohtherm-smartcontrol-thermostat-square-3-control/supplier/hero-02799ba81a4c.jpg</failure></testcase><testcase classname="backend.tests.test_catalog_variant_image_contamination.TestCrossContaminationByBrand" name="test_no_generic_variant_label[Vitra]" time="0.240" /><testcase classname="backend.tests.test_catalog_variant_image_contamination.TestCrossContaminationByBrand" name="test_no_generic_variant_label[Geberit]" time="0.320" /><testcase classname="backend.tests.test_catalog_variant_image_contamination.TestCrossContaminationByBrand" name="test_no_generic_variant_label[Grohe]" time="0.354" /><testcase classname="backend.tests.test_catalog_variant_image_contamination.TestSpotCheckSKUs" name="test_vitra_memoria_family" time="0.056"><failure message="AssertionError: Duplicate hero images across distinct-colour Vitra Memoria variants: [('matt black', 'https://vburaxruvbnbahegtbya.supabase.co/storage/v1/object/public/forge-products/vitra/vitra-csw-memoria-rim-ex-wc/supplier/hero-9ecbc6a59940.jpg'), ('matt taupe /sand beige', 'https://vburaxruvbnbahegtbya.supabase.co/storage/v1/object/public/forge-products/vitra/vitra-csw-memoria-rim-ex-wc/supplier/hero-cd8b0bd60ba2.jpg'), ('matt white', 'https://vburaxruvbnbahegtbya.supabase.co/storage/v1/object/public/forge-products/vitra/vitra-csw-memoria-rim-ex-wc/supplier/hero-a05d12e5b9e6.jpg'), ('white', 'https://vburaxruvbnbahegtbya.supabase.co/storage/v1/object/public/forge-products/vitra/vitra-csw-memoria-rim-ex-wc/supplier/hero-a05d12e5b9e6.jpg')]&#10;assert 3 == 4&#10; +  where 3 = len({'https://vburaxruvbnbahegtbya.supabase.co/storage/v1/object/public/forge-products/vitra/vitra-csw-memoria-rim-ex-wc/supplier/hero-9ecbc6a59940.jpg', 'https://vburaxruvbnbahegtbya.supabase.co/storage/v1/object/public/forge-products/vitra/vitra-csw-memoria-rim-ex-wc/supplier/hero-a05d12e5b9e6.jpg', 'https://vburaxruvbnbahegtbya.supabase.co/storage/v1/object/public/forge-products/vitra/vitra-csw-memoria-rim-ex-wc/supplier/hero-cd8b0bd60ba2.jpg'})&#10; +    where {'https://vburaxruvbnbahegtbya.supabase.co/storage/v1/object/public/forge-products/vitra/vitra-csw-memoria-rim-ex-wc/supplier/hero-9ecbc6a59940.jpg', 'https://vburaxruvbnbahegtbya.supabase.co/storage/v1/object/public/forge-products/vitra/vitra-csw-memoria-rim-ex-wc/supplier/hero-a05d12e5b9e6.jpg', 'https://vburaxruvbnbahegtbya.supabase.co/storage/v1/object/public/forge-products/vitra/vitra-csw-memoria-rim-ex-wc/supplier/hero-cd8b0bd60ba2.jpg'} = set(['https://vburaxruvbnbahegtbya.supabase.co/storage/v1/object/public/forge-products/vitra/vitra-csw-memoria-rim-ex-wc/supplier/hero-9ecbc6a59940.jpg', 'https://vburaxruvbnbahegtbya.supabase.co/storage/v1/object/public/forge-products/vitra/vitra-csw-memoria-rim-ex-wc/supplier/hero-cd8b0bd60ba2.jpg', 'https://vburaxruvbnbahegtbya.supabase.co/storage/v1/object/public/forge-products/vitra/vitra-csw-memoria-rim-ex-wc/supplier/hero-a05d12e5b9e6.jpg', 'https://vburaxruvbnbahegtbya.supabase.co/storage/v1/object/public/forge-products/vitra/vitra-csw-memoria-rim-ex-wc/supplier/hero-a05d12e5b9e6.jpg'])&#10; +  and   4 = len(['https://vburaxruvbnbahegtbya.supabase.co/storage/v1/object/public/forge-products/vitra/vitra-csw-memoria-rim-ex-wc/supplier/hero-9ecbc6a59940.jpg', 'https://vburaxruvbnbahegtbya.supabase.co/storage/v1/object/public/forge-products/vitra/vitra-csw-memoria-rim-ex-wc/supplier/hero-cd8b0bd60ba2.jpg', 'https://vburaxruvbnbahegtbya.supabase.co/storage/v1/object/public/forge-products/vitra/vitra-csw-memoria-rim-ex-wc/supplier/hero-a05d12e5b9e6.jpg', 'https://vburaxruvbnbahegtbya.supabase.co/storage/v1/object/public/forge-products/vitra/vitra-csw-memoria-rim-ex-wc/supplier/hero-a05d12e5b9e6.jpg'])">backend/tests/test_catalog_variant_image_contamination.py:138: in test_vitra_memoria_family
    assert len(set(images)) == len(images), (
E   AssertionError: Duplicate hero images across distinct-colour Vitra Memoria variants: [('matt black', 'https://vburaxruvbnbahegtbya.supabase.co/storage/v1/object/public/forge-products/vitra/vitra-csw-memoria-rim-ex-wc/supplier/hero-9ecbc6a59940.jpg'), ('matt taupe /sand beige', 'https://vburaxruvbnbahegtbya.supabase.co/storage/v1/object/public/forge-products/vitra/vitra-csw-memoria-rim-ex-wc/supplier/hero-cd8b0bd60ba2.jpg'), ('matt white', 'https://vburaxruvbnbahegtbya.supabase.co/storage/v1/object/public/forge-products/vitra/vitra-csw-memoria-rim-ex-wc/supplier/hero-a05d12e5b9e6.jpg'), ('white', 'https://vburaxruvbnbahegtbya.supabase.co/storage/v1/object/public/forge-products/vitra/vitra-csw-memoria-rim-ex-wc/supplier/hero-a05d12e5b9e6.jpg')]
E   assert 3 == 4
E    +  where 3 = len({'https://vburaxruvbnbahegtbya.supabase.co/storage/v1/object/public/forge-products/vitra/vitra-csw-memoria-rim-ex-wc/supplier/hero-9ecbc6a59940.jpg', 'https://vburaxruvbnbahegtbya.supabase.co/storage/v1/object/public/forge-products/vitra/vitra-csw-memoria-rim-ex-wc/supplier/hero-a05d12e5b9e6.jpg', 'https://vburaxruvbnbahegtbya.supabase.co/storage/v1/object/public/forge-products/vitra/vitra-csw-memoria-rim-ex-wc/supplier/hero-cd8b0bd60ba2.jpg'})
E    +    where {'https://vburaxruvbnbahegtbya.supabase.co/storage/v1/object/public/forge-products/vitra/vitra-csw-memoria-rim-ex-wc/supplier/hero-9ecbc6a59940.jpg', 'https://vburaxruvbnbahegtbya.supabase.co/storage/v1/object/public/forge-products/vitra/vitra-csw-memoria-rim-ex-wc/supplier/hero-a05d12e5b9e6.jpg', 'https://vburaxruvbnbahegtbya.supabase.co/storage/v1/object/public/forge-products/vitra/vitra-csw-memoria-rim-ex-wc/supplier/hero-cd8b0bd60ba2.jpg'} = set(['https://vburaxruvbnbahegtbya.supabase.co/storage/v1/object/public/forge-products/vitra/vitra-csw-memoria-rim-ex-wc/supplier/hero-9ecbc6a59940.jpg', 'https://vburaxruvbnbahegtbya.supabase.co/storage/v1/object/public/forge-products/vitra/vitra-csw-memoria-rim-ex-wc/supplier/hero-cd8b0bd60ba2.jpg', 'https://vburaxruvbnbahegtbya.supabase.co/storage/v1/object/public/forge-products/vitra/vitra-csw-memoria-rim-ex-wc/supplier/hero-a05d12e5b9e6.jpg', 'https://vburaxruvbnbahegtbya.supabase.co/storage/v1/object/public/forge-products/vitra/vitra-csw-memoria-rim-ex-wc/supplier/hero-a05d12e5b9e6.jpg'])
E    +  and   4 = len(['https://vburaxruvbnbahegtbya.supabase.co/storage/v1/object/public/forge-products/vitra/vitra-csw-memoria-rim-ex-wc/supplier/hero-9ecbc6a59940.jpg', 'https://vburaxruvbnbahegtbya.supabase.co/storage/v1/object/public/forge-products/vitra/vitra-csw-memoria-rim-ex-wc/supplier/hero-cd8b0bd60ba2.jpg', 'https://vburaxruvbnbahegtbya.supabase.co/storage/v1/object/public/forge-products/vitra/vitra-csw-memoria-rim-ex-wc/supplier/hero-a05d12e5b9e6.jpg', 'https://vburaxruvbnbahegtbya.supabase.co/storage/v1/object/public/forge-products/vitra/vitra-csw-memoria-rim-ex-wc/supplier/hero-a05d12e5b9e6.jpg'])</failure></testcase><testcase classname="backend.tests.test_catalog_variant_image_contamination.TestSpotCheckSKUs" name="test_geberit_sigma_sku" time="0.062" /><testcase classname="backend.tests.test_catalog_variant_image_contamination.TestSpotCheckSKUs" name="test_grohe_sample_sku_search" time="0.107" /></testsuite></testsuites>