<?xml version="1.0" encoding="utf-8"?><testsuites name="pytest tests"><testsuite name="pytest" errors="0" failures="0" skipped="0" tests="2" time="200.953" timestamp="2026-07-31T00:16:53.264855+00:00" hostname="agent-env-dcc8deb8-7a91-48bc-b60f-ae56f50c7f01"><testcase classname="tests.integration.test_walkins_lifecycle_phase4_journey.TestWalkinLifecyclePhase4" name="test_full_journey_and_ops_followup_reconciliation" time="197.627" /><testcase classname="tests.integration.test_walkins_lifecycle_phase4_journey.TestWalkinLifecyclePhase4" name="test_module_regression_smoke_endpoints" time="3.237" /></testsuite></testsuites>