<?xml version="1.0" encoding="utf-8"?><testsuites name="pytest tests"><testsuite name="pytest" errors="0" failures="0" skipped="0" tests="14" time="1.839" timestamp="2026-07-04T06:40:10.467295+00:00" hostname="agent-env-5054c84c-248a-4e20-91fa-15e7ba076d5f"><testcase classname="tests.test_quotation_v2.TestDiscountCreate" name="test_create_with_project_and_category_discounts" time="0.834" /><testcase classname="tests.test_quotation_v2.TestBreakdown" name="test_breakdown_sources" time="0.046" /><testcase classname="tests.test_quotation_v2.TestAutosave" name="test_silent_does_not_add_revision" time="0.136" /><testcase classname="tests.test_quotation_v2.TestDiscountPriority" name="test_line_override_beats_category_beats_project" time="0.091" /><testcase classname="tests.test_quotation_v2.TestDiscountPriority" name="test_no_category_falls_back_to_project" time="0.091" /><testcase classname="tests.test_quotation_v2.TestCollapsedRooms" name="test_collapsed_rooms_persist" time="0.098" /><testcase classname="tests.test_quotation_v2.TestDuplicate" name="test_duplicate_creates_new_with_same_items" time="0.095" /><testcase classname="tests.test_quotation_v2.TestRecentFrequent" name="test_recent_returns_used_products" time="0.046" /><testcase classname="tests.test_quotation_v2.TestRecentFrequent" name="test_frequent_ordered_by_count" time="0.048" /><testcase classname="tests.test_quotation_v2.TestRegression" name="test_dashboard_stats" time="0.047" /><testcase classname="tests.test_quotation_v2.TestRegression" name="test_products_list" time="0.055" /><testcase classname="tests.test_quotation_v2.TestRegression" name="test_customers_list" time="0.083" /><testcase classname="tests.test_quotation_v2.TestRegression" name="test_quotations_list" time="0.051" /><testcase classname="tests.test_quotation_v2.TestRegression" name="test_pdf_still_works" time="0.053" /></testsuite></testsuites>