<?xml version="1.0" encoding="utf-8"?><testsuites name="pytest tests"><testsuite name="pytest" errors="0" failures="0" skipped="0" tests="20" time="28.710" timestamp="2026-07-31T11:48:51.542422+00:00" hostname="agent-env-5191108a-83e5-4e9e-9055-72c63fce32c2"><testcase classname="tests.test_tile_orders_dispatch_workflow.TestDispatchListEndpoint" name="test_returns_200_with_expected_shape" time="2.104" /><testcase classname="tests.test_tile_orders_dispatch_workflow.TestDispatchListEndpoint" name="test_rows_never_contain_release_or_godown_movement_rows" time="0.778" /><testcase classname="tests.test_tile_orders_dispatch_workflow.TestDispatchListEndpoint" name="test_filter_by_search_customer_name" time="0.750" /><testcase classname="tests.test_tile_orders_dispatch_workflow.TestDispatchListEndpoint" name="test_filter_by_search_product_name" time="0.747" /><testcase classname="tests.test_tile_orders_dispatch_workflow.TestDispatchListEndpoint" name="test_filter_by_chalan_number" time="1.498" /><testcase classname="tests.test_tile_orders_dispatch_workflow.TestDispatchListEndpoint" name="test_filter_by_dispatch_number" time="1.516" /><testcase classname="tests.test_tile_orders_dispatch_workflow.TestDispatchListEndpoint" name="test_filter_by_customer_id" time="1.521" /><testcase classname="tests.test_tile_orders_dispatch_workflow.TestDispatchListEndpoint" name="test_filter_by_brand_id" time="1.501" /><testcase classname="tests.test_tile_orders_dispatch_workflow.TestDispatchListEndpoint" name="test_filter_by_product" time="0.749" /><testcase classname="tests.test_tile_orders_dispatch_workflow.TestDispatchListEndpoint" name="test_filter_by_status_dispatched" time="1.003" /><testcase classname="tests.test_tile_orders_dispatch_workflow.TestDispatchListEndpoint" name="test_filter_by_status_at_godown_is_currently_unreachable" time="1.220" /><testcase classname="tests.test_tile_orders_dispatch_workflow.TestDispatchListEndpoint" name="test_filter_by_date_range" time="0.752" /><testcase classname="tests.test_tile_orders_dispatch_workflow.TestMaterialMovementsEndpoint" name="test_returns_200_with_rows" time="0.290" /><testcase classname="tests.test_tile_orders_dispatch_workflow.TestMaterialMovementsEndpoint" name="test_dispatch_type_rows_have_chalan_numbers_others_dont" time="0.287" /><testcase classname="tests.test_tile_orders_dispatch_workflow.TestMaterialMovementsEndpoint" name="test_search_filters_by_customer_name" time="0.280" /><testcase classname="tests.test_tile_orders_dispatch_workflow.TestOrderPlacementCreatesOrderCreatedMovement" name="test_place_order_writes_order_created_movement" time="11.997" /><testcase classname="tests.test_tile_orders_dispatch_workflow.TestRegressionQuotationsAndPurchases" name="test_quotations_list_loads" time="0.784" /><testcase classname="tests.test_tile_orders_dispatch_workflow.TestRegressionQuotationsAndPurchases" name="test_purchases_shortages_loads" time="0.284" /><testcase classname="tests.test_tile_orders_dispatch_workflow.TestRegressionQuotationsAndPurchases" name="test_tile_orders_customer_orders_loads" time="0.286" /><testcase classname="tests.test_tile_orders_dispatch_workflow.TestRegressionQuotationsAndPurchases" name="test_tile_orders_brands_loads" time="0.290" /></testsuite></testsuites>