<?xml version="1.0" encoding="utf-8"?><testsuites name="pytest tests"><testsuite name="pytest" errors="0" failures="0" skipped="0" tests="16" time="4.582" timestamp="2026-07-04T20:41:48.438563+00:00" hostname="agent-env-39c7428a-8f31-4cfb-b68d-62462f48838b"><testcase classname="backend.tests.test_catalog_2a_regression.TestProductsList" name="test_list_returns_items" time="0.456" /><testcase classname="backend.tests.test_catalog_2a_regression.TestProductsList" name="test_hero_image_url_is_supabase" time="0.049" /><testcase classname="backend.tests.test_catalog_2a_regression.TestProductsList" name="test_legacy_images_field_present_but_hydrated" time="0.045" /><testcase classname="backend.tests.test_catalog_2a_regression.TestFamilies" name="test_families_returns_list" time="0.104" /><testcase classname="backend.tests.test_catalog_2a_regression.TestFamilies" name="test_families_have_supabase_sample_image" time="0.105" /><testcase classname="backend.tests.test_catalog_2a_regression.TestFamilies" name="test_family_count_reasonable" time="0.088" /><testcase classname="backend.tests.test_catalog_2a_regression.TestFamilyDetail" name="test_family_detail_full_payload" time="0.091" /><testcase classname="backend.tests.test_catalog_2a_regression.TestFamilyDetail" name="test_family_detail_404" time="0.041" /><testcase classname="backend.tests.test_catalog_2a_regression.TestSearch" name="test_search_no_query_returns_grouped" time="0.055" /><testcase classname="backend.tests.test_catalog_2a_regression.TestSearch" name="test_search_by_term_returns_hits" time="0.045" /><testcase classname="backend.tests.test_catalog_2a_regression.TestSearch" name="test_search_istanbul_filters" time="0.044" /><testcase classname="backend.tests.test_catalog_2a_regression.TestSearch" name="test_search_hero_from_supabase" time="0.046" /><testcase classname="backend.tests.test_catalog_2a_regression.TestFacets" name="test_facets_has_expected_buckets" time="0.202" /><testcase classname="backend.tests.test_catalog_2a_regression.TestSupabaseReachability" name="test_supabase_image_returns_200" time="3.016" /><testcase classname="backend.tests.test_catalog_2a_regression.TestMigrationState" name="test_no_base64_leakage_in_products_response" time="0.055" /><testcase classname="backend.tests.test_catalog_2a_regression.TestMigrationState" name="test_gallery_has_no_base64" time="0.053" /></testsuite></testsuites>