<?xml version="1.0" encoding="utf-8"?><testsuites name="pytest tests"><testsuite name="pytest" errors="0" failures="1" skipped="0" tests="11" time="85.100" timestamp="2026-07-30T15:22:39.946999+00:00" hostname="agent-env-8ea3d4a9-61a3-4b65-9d7c-085cec9a7085"><testcase classname="tests.integration.test_followups_v2_workspaces.TestAutomationRulesConfig" name="test_seeded_defaults" time="2.151" /><testcase classname="tests.integration.test_followups_v2_workspaces.TestAutomationRulesConfig" name="test_update_and_restore" time="2.845" /><testcase classname="tests.integration.test_followups_v2_workspaces.TestRuleDefinitionsRegression" name="test_config_rules_includes_new_and_old_types" time="0.308" /><testcase classname="tests.integration.test_followups_v2_workspaces.TestWorkspaceProducer" name="test_stats_workspace_counts_present" time="16.958" /><testcase classname="tests.integration.test_followups_v2_workspaces.TestWorkspaceProducer" name="test_selection_cards_shape" time="1.747" /><testcase classname="tests.integration.test_followups_v2_workspaces.TestWorkspaceProducer" name="test_quotation_cards_shape" time="2.475" /><testcase classname="tests.integration.test_followups_v2_workspaces.TestWorkspaceProducer" name="test_no_duplicate_source_keys_for_tiles_rules" time="0.001"><failure message="AssertionError: Duplicate OPEN automated cards for the same source_key: {'quotation_tiles_waiting:e119aac8-52ea-4f63-bc33-9090e192fbc8': 2, 'quotation_tiles_waiting:1209b0ed-4c6e-4d94-90c7-7e819822b944': 2}&#10;assert not {'quotation_tiles_waiting:e119aac8-52ea-4f63-bc33-9090e192fbc8': 2, 'quotation_tiles_waiting:1209b0ed-4c6e-4d94-90c7-7e819822b944': 2}">tests/integration/test_followups_v2_workspaces.py:151: in test_no_duplicate_source_keys_for_tiles_rules
    assert not dupes, f"Duplicate OPEN automated cards for the same source_key: {dupes}"
E   AssertionError: Duplicate OPEN automated cards for the same source_key: {'quotation_tiles_waiting:e119aac8-52ea-4f63-bc33-9090e192fbc8': 2, 'quotation_tiles_waiting:1209b0ed-4c6e-4d94-90c7-7e819822b944': 2}
E   assert not {'quotation_tiles_waiting:e119aac8-52ea-4f63-bc33-9090e192fbc8': 2, 'quotation_tiles_waiting:1209b0ed-4c6e-4d94-90c7-7e819822b944': 2}</failure></testcase><testcase classname="tests.integration.test_followups_v2_workspaces.TestWorkspaceProducer" name="test_standard_quotation_never_gets_tiles_rule_type" time="4.122" /><testcase classname="tests.integration.test_followups_v2_workspaces.TestContactTemplates" name="test_selection_whatsapp_template" time="16.911" /><testcase classname="tests.integration.test_followups_v2_workspaces.TestContactTemplates" name="test_quotation_whatsapp_template_mentions_number" time="0.782" /><testcase classname="tests.integration.test_followups_v2_workspaces.TestAutoCloseOnMoveToQuotation" name="test_approve_and_move_resolves_selection_followup" time="36.714" /></testsuite></testsuites>