<?xml version="1.0" encoding="utf-8"?><testsuites name="pytest tests"><testsuite name="pytest" errors="0" failures="0" skipped="0" tests="15" time="45.235" timestamp="2026-07-30T23:58:17.685170+00:00" hostname="agent-env-dcc8deb8-7a91-48bc-b60f-ae56f50c7f01"><testcase classname="tests.integration.test_walkins_crm_foundation.TestFullCustomerCapture" name="test_full_capture_splits_customer_and_walkin_fields" time="4.833" /><testcase classname="tests.integration.test_walkins_crm_foundation.TestDuplicateDetection" name="test_high_confidence_matches_formatted_phone" time="5.221" /><testcase classname="tests.integration.test_walkins_crm_foundation.TestDuplicateDetection" name="test_email_match_is_medium_not_high" time="3.846" /><testcase classname="tests.integration.test_walkins_crm_foundation.TestDuplicateDetection" name="test_email_only_walkin_create_returns_409_then_force_new_conflicts_cleanly" time="5.300" /><testcase classname="tests.integration.test_walkins_crm_foundation.TestDuplicateDetection" name="test_email_only_walkin_force_new_succeeds_when_email_unique" time="6.715" /><testcase classname="tests.integration.test_walkins_crm_foundation.TestDuplicateDetection" name="test_name_address_match_requires_resolution" time="4.082" /><testcase classname="tests.integration.test_walkins_crm_foundation.TestSalespersonReassign" name="test_reassign_updates_walkin_and_its_own_followup" time="5.933" /><testcase classname="tests.integration.test_walkins_crm_foundation.TestWorkflowTransitionsConfig" name="test_get_and_put_order_confirmed_transition" time="2.775" /><testcase classname="tests.integration.test_walkins_crm_foundation.TestOrderConfirmedOpsFollowup" name="test_existing_order_confirmed_ops_followup_matches_template_and_timeline" time="2.785" /><testcase classname="tests.integration.test_walkins_crm_foundation.TestBackendRegression" name="test_endpoint_still_200[/followups/stats]" time="1.009" /><testcase classname="tests.integration.test_walkins_crm_foundation.TestBackendRegression" name="test_endpoint_still_200[/quotations]" time="0.307" /><testcase classname="tests.integration.test_walkins_crm_foundation.TestBackendRegression" name="test_endpoint_still_200[/customers]" time="0.521" /><testcase classname="tests.integration.test_walkins_crm_foundation.TestBackendRegression" name="test_endpoint_still_200[/purchase-orders]" time="0.316" /><testcase classname="tests.integration.test_walkins_crm_foundation.TestBackendRegression" name="test_endpoint_still_200[/payments/stats]" time="0.753" /><testcase classname="tests.integration.test_walkins_crm_foundation.TestBackendRegression" name="test_endpoint_still_200[/tile-orders/dashboard]" time="0.767" /></testsuite></testsuites>