<?xml version="1.0" encoding="utf-8"?><testsuites name="pytest tests"><testsuite name="pytest" errors="0" failures="0" skipped="0" tests="20" time="27.604" timestamp="2026-07-30T14:23:46.379693+00:00" hostname="agent-env-8ea3d4a9-61a3-4b65-9d7c-085cec9a7085"><testcase classname="tests.test_tile_orders_dispatch_workflow.TestDispatchListEndpoint" name="test_returns_200_with_expected_shape" time="2.164" /><testcase classname="tests.test_tile_orders_dispatch_workflow.TestDispatchListEndpoint" name="test_rows_never_contain_release_or_godown_movement_rows" time="0.746" /><testcase classname="tests.test_tile_orders_dispatch_workflow.TestDispatchListEndpoint" name="test_filter_by_search_customer_name" time="0.746" /><testcase classname="tests.test_tile_orders_dispatch_workflow.TestDispatchListEndpoint" name="test_filter_by_search_product_name" time="0.750" /><testcase classname="tests.test_tile_orders_dispatch_workflow.TestDispatchListEndpoint" name="test_filter_by_chalan_number" time="1.493" /><testcase classname="tests.test_tile_orders_dispatch_workflow.TestDispatchListEndpoint" name="test_filter_by_dispatch_number" time="1.488" /><testcase classname="tests.test_tile_orders_dispatch_workflow.TestDispatchListEndpoint" name="test_filter_by_customer_id" time="1.509" /><testcase classname="tests.test_tile_orders_dispatch_workflow.TestDispatchListEndpoint" name="test_filter_by_brand_id" time="1.495" /><testcase classname="tests.test_tile_orders_dispatch_workflow.TestDispatchListEndpoint" name="test_filter_by_product" time="0.743" /><testcase classname="tests.test_tile_orders_dispatch_workflow.TestDispatchListEndpoint" name="test_filter_by_status_dispatched" time="0.751" /><testcase classname="tests.test_tile_orders_dispatch_workflow.TestDispatchListEndpoint" name="test_filter_by_status_at_godown_is_currently_unreachable" time="0.974" /><testcase classname="tests.test_tile_orders_dispatch_workflow.TestDispatchListEndpoint" name="test_filter_by_date_range" time="0.744" /><testcase classname="tests.test_tile_orders_dispatch_workflow.TestMaterialMovementsEndpoint" name="test_returns_200_with_rows" time="0.301" /><testcase classname="tests.test_tile_orders_dispatch_workflow.TestMaterialMovementsEndpoint" name="test_dispatch_type_rows_have_chalan_numbers_others_dont" time="0.299" /><testcase classname="tests.test_tile_orders_dispatch_workflow.TestMaterialMovementsEndpoint" name="test_search_filters_by_customer_name" time="0.289" /><testcase classname="tests.test_tile_orders_dispatch_workflow.TestOrderPlacementCreatesOrderCreatedMovement" name="test_place_order_writes_order_created_movement" time="11.349" /><testcase classname="tests.test_tile_orders_dispatch_workflow.TestRegressionQuotationsAndPurchases" name="test_quotations_list_loads" time="0.798" /><testcase classname="tests.test_tile_orders_dispatch_workflow.TestRegressionQuotationsAndPurchases" name="test_purchases_shortages_loads" time="0.302" /><testcase classname="tests.test_tile_orders_dispatch_workflow.TestRegressionQuotationsAndPurchases" name="test_tile_orders_customer_orders_loads" time="0.294" /><testcase classname="tests.test_tile_orders_dispatch_workflow.TestRegressionQuotationsAndPurchases" name="test_tile_orders_brands_loads" time="0.298" /></testsuite></testsuites>