<?xml version="1.0" encoding="utf-8"?><testsuites name="pytest tests"><testsuite name="pytest" errors="0" failures="0" skipped="0" tests="4" time="76.588" timestamp="2026-07-30T23:34:08.459625+00:00" hostname="agent-env-dcc8deb8-7a91-48bc-b60f-ae56f50c7f01"><testcase classname="tests.integration.test_walkins_duplicate_rules_phase4.TestWalkinDuplicateRules" name="test_name_city_medium_match_returns_409_with_matches" time="63.051" /><testcase classname="tests.integration.test_walkins_duplicate_rules_phase4.TestWalkinDuplicateRules" name="test_name_address_medium_match_returns_409_with_matches" time="4.039" /><testcase classname="tests.integration.test_walkins_duplicate_rules_phase4.TestWalkinDuplicateRules" name="test_high_phone_reuse_creates_new_walkin_links_same_customer_no_overwrite" time="5.179" /><testcase classname="tests.integration.test_walkins_duplicate_rules_phase4.TestWalkinDuplicateRules" name="test_email_force_new_conflict_returns_409_not_500" time="4.248" /></testsuite></testsuites>