<?xml version="1.0" encoding="utf-8"?><testsuites name="pytest tests"><testsuite name="pytest" errors="0" failures="2" skipped="0" tests="10" time="22.724" timestamp="2026-07-14T10:02:05.621504+00:00" hostname="agent-env-99e2c229-53e4-44df-84c8-7849dd1690ae"><testcase classname="backend.tests.test_catalog_dedup_and_ligature_v3.TestVitraMemoriaDuplicateSuppression" name="test_white_has_no_image_others_have_distinct_images" time="21.969" /><testcase classname="backend.tests.test_catalog_dedup_and_ligature_v3.TestGroheNovaCosmopolitanDuplicateSuppression" name="test_only_one_of_four_colour_codes_keeps_image" time="0.052" /><testcase classname="backend.tests.test_catalog_dedup_and_ligature_v3.TestGeberitLigatureNormalization" name="test_no_ligature_glyphs_in_any_geberit_product" time="0.154"><failure message="AssertionError: 33 Geberit fields still contain raw ligature glyphs (fix appears to be code-only; live DB was not re-ingested): [('131.185.00.5', 'colour', 'Monolith Sanitary module for wall-hung WC, Customer speciﬁc'), ('131.185.00.5', 'finish', 'Monolith Sanitary module for wall-hung WC, Customer speciﬁc'), ('131.185.00.5', 'name', 'Monolith Monolith Sanitary module for wall-hung WC, Customer speciﬁc'), ('131.186.00.7', 'colour', 'Monolith plus Sanitary module for wall-hung WC, customer speciﬁc'), ('131.186.00.7', 'finish', 'Monolith plus Sanitary module for wall-hung WC, customer speciﬁc'), ('131.186.00.7', 'name', 'Monolith Plus Monolith plus Sanitary module for wall-hung WC, customer speciﬁc'), ('115.651.00.1', 'colour', 'black chrome customer speciﬁc'), ('115.651.00.1', 'finish', 'black chrome customer speciﬁc'), ('115.651.00.1', 'name', 'Sigma black chrome customer speciﬁc'), ('115.652.00.1', 'colour', 'brass customer speciﬁc')]&#10;assert not [('131.185.00.5', 'colour', 'Monolith Sanitary module for wall-hung WC, Customer speciﬁc'), ('131.185.00.5', 'finish', 'Monolith Sanitary module for wall-hung WC, Customer speciﬁc'), ('131.185.00.5', 'name', 'Monolith Monolith Sanitary module for wall-hung WC, Customer speciﬁc'), ('131.186.00.7', 'colour', 'Monolith plus Sanitary module for wall-hung WC, customer speciﬁc'), ('131.186.00.7', 'finish', 'Monolith plus Sanitary module for wall-hung WC, customer speciﬁc'), ('131.186.00.7', 'name', 'Monolith Plus Monolith plus Sanitary module for wall-hung WC, customer speciﬁc'), ...]">backend/tests/test_catalog_dedup_and_ligature_v3.py:130: in test_no_ligature_glyphs_in_any_geberit_product
    assert not violations, (
E   AssertionError: 33 Geberit fields still contain raw ligature glyphs (fix appears to be code-only; live DB was not re-ingested): [('131.185.00.5', 'colour', 'Monolith Sanitary module for wall-hung WC, Customer speciﬁc'), ('131.185.00.5', 'finish', 'Monolith Sanitary module for wall-hung WC, Customer speciﬁc'), ('131.185.00.5', 'name', 'Monolith Monolith Sanitary module for wall-hung WC, Customer speciﬁc'), ('131.186.00.7', 'colour', 'Monolith plus Sanitary module for wall-hung WC, customer speciﬁc'), ('131.186.00.7', 'finish', 'Monolith plus Sanitary module for wall-hung WC, customer speciﬁc'), ('131.186.00.7', 'name', 'Monolith Plus Monolith plus Sanitary module for wall-hung WC, customer speciﬁc'), ('115.651.00.1', 'colour', 'black chrome customer speciﬁc'), ('115.651.00.1', 'finish', 'black chrome customer speciﬁc'), ('115.651.00.1', 'name', 'Sigma black chrome customer speciﬁc'), ('115.652.00.1', 'colour', 'brass customer speciﬁc')]
E   assert not [('131.185.00.5', 'colour', 'Monolith Sanitary module for wall-hung WC, Customer speciﬁc'), ('131.185.00.5', 'finish', 'Monolith Sanitary module for wall-hung WC, Customer speciﬁc'), ('131.185.00.5', 'name', 'Monolith Monolith Sanitary module for wall-hung WC, Customer speciﬁc'), ('131.186.00.7', 'colour', 'Monolith plus Sanitary module for wall-hung WC, customer speciﬁc'), ('131.186.00.7', 'finish', 'Monolith plus Sanitary module for wall-hung WC, customer speciﬁc'), ('131.186.00.7', 'name', 'Monolith Plus Monolith plus Sanitary module for wall-hung WC, customer speciﬁc'), ...]</failure></testcase><testcase classname="backend.tests.test_catalog_dedup_and_ligature_v3.TestGeberitLigatureNormalization" name="test_geberit_sigma_116092_family_colour_text_is_clean" time="0.051"><failure message="AssertionError: SKU 116.092.SM.6 colour still has a raw ligature glyph: 'glass feﬂective'&#10;assert not True&#10; +  where True = any(&lt;generator object TestGeberitLigatureNormalization.test_geberit_sigma_116092_family_colour_text_is_clean.&lt;locals&gt;.&lt;genexpr&gt; at 0xfe1e2f95d7e0&gt;)">backend/tests/test_catalog_dedup_and_ligature_v3.py:142: in test_geberit_sigma_116092_family_colour_text_is_clean
    assert not any(lig in colour for lig in _LIGATURES), (
E   AssertionError: SKU 116.092.SM.6 colour still has a raw ligature glyph: 'glass feﬂective'
E   assert not True
E    +  where True = any(&lt;generator object TestGeberitLigatureNormalization.test_geberit_sigma_116092_family_colour_text_is_clean.&lt;locals&gt;.&lt;genexpr&gt; at 0xfe1e2f95d7e0&gt;)</failure></testcase><testcase classname="backend.tests.test_catalog_dedup_and_ligature_v3.TestGeneralRegression" name="test_brand_products_list_loads[Vitra]" time="0.090" /><testcase classname="backend.tests.test_catalog_dedup_and_ligature_v3.TestGeneralRegression" name="test_brand_products_list_loads[Geberit]" time="0.090" /><testcase classname="backend.tests.test_catalog_dedup_and_ligature_v3.TestGeneralRegression" name="test_brand_products_list_loads[Grohe]" time="0.091" /><testcase classname="backend.tests.test_catalog_dedup_and_ligature_v3.TestGeneralRegression" name="test_catalog_hierarchy_loads" time="0.034" /><testcase classname="backend.tests.test_catalog_dedup_and_ligature_v3.TestGeneralRegression" name="test_families_endpoint_loads" time="0.053" /><testcase classname="backend.tests.test_catalog_dedup_and_ligature_v3.TestGeneralRegression" name="test_variant_switch_sku_price_and_image_are_consistent" time="0.046" /></testsuite></testsuites>