<?xml version="1.0" encoding="utf-8"?><testsuites name="pytest tests"><testsuite name="pytest" errors="0" failures="2" skipped="0" tests="15" time="8.578" timestamp="2026-07-14T11:43:33.102251+00:00" hostname="agent-env-99e2c229-53e4-44df-84c8-7849dd1690ae"><testcase classname="backend.tests.test_catalog_image_recovery_v4.TestBrandCounts" name="test_brand_list_counts" time="1.469" /><testcase classname="backend.tests.test_catalog_image_recovery_v4.TestGroheImageCoverage" name="test_grohe_overall_image_coverage" time="1.196" /><testcase classname="backend.tests.test_catalog_image_recovery_v4.TestGroheImageCoverage" name="test_grohe_previously_broken_categories[Plate]" time="0.408" /><testcase classname="backend.tests.test_catalog_image_recovery_v4.TestGroheImageCoverage" name="test_grohe_previously_broken_categories[Handshower]" time="0.431" /><testcase classname="backend.tests.test_catalog_image_recovery_v4.TestGroheImageCoverage" name="test_grohe_previously_broken_categories[Wall Mounted]" time="0.405" /><testcase classname="backend.tests.test_catalog_image_recovery_v4.TestVitraRegression" name="test_vitra_overall_image_coverage" time="0.464"><failure message="AssertionError: Vitra image coverage regressed: 86.4%&#10;assert 86.4 &gt;= 95">backend/tests/test_catalog_image_recovery_v4.py:132: in test_vitra_overall_image_coverage
    assert coverage_pct &gt;= 95, f"Vitra image coverage regressed: {coverage_pct:.1f}%"
E   AssertionError: Vitra image coverage regressed: 86.4%
E   assert 86.4 &gt;= 95</failure></testcase><testcase classname="backend.tests.test_catalog_image_recovery_v4.TestGeberitRegression" name="test_geberit_overall_image_coverage" time="0.641"><failure message="AssertionError: Geberit image coverage regressed: 69.0%&#10;assert 69.0 &gt;= 88">backend/tests/test_catalog_image_recovery_v4.py:144: in test_geberit_overall_image_coverage
    assert coverage_pct &gt;= 88, f"Geberit image coverage regressed: {coverage_pct:.1f}%"
E   AssertionError: Geberit image coverage regressed: 69.0%
E   assert 69.0 &gt;= 88</failure></testcase><testcase classname="backend.tests.test_catalog_image_recovery_v4.TestGeberitRegression" name="test_geberit_116_092_variant_switching" time="0.165" /><testcase classname="backend.tests.test_catalog_image_recovery_v4.TestGeneralRegression" name="test_brand_products_list_loads[Grohe]" time="0.274" /><testcase classname="backend.tests.test_catalog_image_recovery_v4.TestGeneralRegression" name="test_brand_products_list_loads[Hansgrohe]" time="0.259" /><testcase classname="backend.tests.test_catalog_image_recovery_v4.TestGeneralRegression" name="test_brand_products_list_loads[Axor]" time="0.257" /><testcase classname="backend.tests.test_catalog_image_recovery_v4.TestGeneralRegression" name="test_brand_products_list_loads[Geberit]" time="0.267" /><testcase classname="backend.tests.test_catalog_image_recovery_v4.TestGeneralRegression" name="test_brand_products_list_loads[Vitra]" time="0.265" /><testcase classname="backend.tests.test_catalog_image_recovery_v4.TestGeneralRegression" name="test_quotations_endpoint_loads" time="1.372" /><testcase classname="backend.tests.test_catalog_image_recovery_v4.TestGeneralRegression" name="test_purchases_items_endpoint_loads" time="0.614" /></testsuite></testsuites>