<?xml version="1.0" encoding="utf-8"?><testsuites name="pytest tests"><testsuite name="pytest" errors="0" failures="0" skipped="0" tests="9" time="2.236" timestamp="2026-07-14T09:55:16.411003+00:00" hostname="agent-env-99e2c229-53e4-44df-84c8-7849dd1690ae"><testcase classname="backend.tests.test_catalog_variant_image_contamination.TestCrossContaminationByBrand" name="test_no_same_image_across_different_colours[Vitra]" time="1.279" /><testcase classname="backend.tests.test_catalog_variant_image_contamination.TestCrossContaminationByBrand" name="test_no_same_image_across_different_colours[Geberit]" time="0.154" /><testcase classname="backend.tests.test_catalog_variant_image_contamination.TestCrossContaminationByBrand" name="test_no_same_image_across_different_colours[Grohe]" time="0.139" /><testcase classname="backend.tests.test_catalog_variant_image_contamination.TestCrossContaminationByBrand" name="test_no_generic_variant_label[Vitra]" time="0.097" /><testcase classname="backend.tests.test_catalog_variant_image_contamination.TestCrossContaminationByBrand" name="test_no_generic_variant_label[Geberit]" time="0.177" /><testcase classname="backend.tests.test_catalog_variant_image_contamination.TestCrossContaminationByBrand" name="test_no_generic_variant_label[Grohe]" time="0.138" /><testcase classname="backend.tests.test_catalog_variant_image_contamination.TestSpotCheckSKUs" name="test_vitra_memoria_family" time="0.046" /><testcase classname="backend.tests.test_catalog_variant_image_contamination.TestSpotCheckSKUs" name="test_geberit_sigma_sku" time="0.052" /><testcase classname="backend.tests.test_catalog_variant_image_contamination.TestSpotCheckSKUs" name="test_grohe_sample_sku_search" time="0.088" /></testsuite></testsuites>