<?xml version="1.0" encoding="utf-8"?><testsuites name="pytest tests"><testsuite name="pytest" errors="0" failures="0" skipped="0" tests="11" time="138.497" timestamp="2026-07-30T15:41:14.635020+00:00" hostname="agent-env-8ea3d4a9-61a3-4b65-9d7c-085cec9a7085"><testcase classname="tests.integration.test_followups_v2_workspaces.TestAutomationRulesConfig" name="test_seeded_defaults" time="3.068" /><testcase classname="tests.integration.test_followups_v2_workspaces.TestAutomationRulesConfig" name="test_update_and_restore" time="2.808" /><testcase classname="tests.integration.test_followups_v2_workspaces.TestRuleDefinitionsRegression" name="test_config_rules_includes_new_and_old_types" time="0.293" /><testcase classname="tests.integration.test_followups_v2_workspaces.TestWorkspaceProducer" name="test_stats_workspace_counts_present" time="42.876" /><testcase classname="tests.integration.test_followups_v2_workspaces.TestWorkspaceProducer" name="test_selection_cards_shape" time="1.107" /><testcase classname="tests.integration.test_followups_v2_workspaces.TestWorkspaceProducer" name="test_quotation_cards_shape" time="2.311" /><testcase classname="tests.integration.test_followups_v2_workspaces.TestWorkspaceProducer" name="test_no_duplicate_source_keys_for_tiles_rules" time="0.000" /><testcase classname="tests.integration.test_followups_v2_workspaces.TestWorkspaceProducer" name="test_standard_quotation_never_gets_tiles_rule_type" time="3.752" /><testcase classname="tests.integration.test_followups_v2_workspaces.TestContactTemplates" name="test_selection_whatsapp_template" time="16.437" /><testcase classname="tests.integration.test_followups_v2_workspaces.TestContactTemplates" name="test_quotation_whatsapp_template_mentions_number" time="0.775" /><testcase classname="tests.integration.test_followups_v2_workspaces.TestAutoCloseOnMoveToQuotation" name="test_approve_and_move_resolves_selection_followup" time="65.006" /></testsuite></testsuites>