<?xml version="1.0" encoding="utf-8"?><testsuites name="pytest tests"><testsuite name="pytest" errors="0" failures="0" skipped="2" tests="13" time="214.874" timestamp="2026-07-30T15:52:19.552615+00:00" hostname="agent-env-8ea3d4a9-61a3-4b65-9d7c-085cec9a7085"><testcase classname="tests.integration.test_followups_v2_workspaces.TestAutomationRulesConfig" name="test_seeded_defaults" time="2.300" /><testcase classname="tests.integration.test_followups_v2_workspaces.TestAutomationRulesConfig" name="test_update_and_restore" time="2.764" /><testcase classname="tests.integration.test_followups_v2_workspaces.TestRuleDefinitionsRegression" name="test_config_rules_includes_new_and_old_types" time="0.315" /><testcase classname="tests.integration.test_followups_v2_workspaces.TestWorkspaceProducer" name="test_stats_workspace_counts_present" time="48.132" /><testcase classname="tests.integration.test_followups_v2_workspaces.TestWorkspaceProducer" name="test_selection_cards_shape" time="0.900" /><testcase classname="tests.integration.test_followups_v2_workspaces.TestWorkspaceProducer" name="test_quotation_cards_shape" time="2.777" /><testcase classname="tests.integration.test_followups_v2_workspaces.TestWorkspaceProducer" name="test_no_duplicate_source_keys_for_tiles_rules" time="0.000" /><testcase classname="tests.integration.test_followups_v2_workspaces.TestWorkspaceProducer" name="test_standard_quotation_never_gets_tiles_rule_type" time="4.323" /><testcase classname="tests.integration.test_followups_v2_workspaces.TestContactTemplates" name="test_selection_whatsapp_template" time="15.558"><skipped type="pytest.skip" message="No open selection_waiting card available to test">/app/backend/tests/integration/test_followups_v2_workspaces.py:180: No open selection_waiting card available to test</skipped></testcase><testcase classname="tests.integration.test_followups_v2_workspaces.TestContactTemplates" name="test_quotation_whatsapp_template_mentions_number" time="0.794" /><testcase classname="tests.integration.test_followups_v2_workspaces.TestAutoCloseOnMoveToQuotation" name="test_approve_and_move_resolves_selection_followup" time="15.578"><skipped type="pytest.skip" message="No open selection_waiting card available for auto-close test">/app/backend/tests/integration/test_followups_v2_workspaces.py:208: No open selection_waiting card available for auto-close test</skipped></testcase><testcase classname="tests.integration.test_reconcile_race_condition" name="test_concurrent_reconcile_calls_produce_zero_duplicates" time="63.285" /><testcase classname="tests.integration.test_reconcile_race_condition" name="test_total_followup_count_stable_across_repeated_reconciles" time="58.044" /></testsuite></testsuites>