<?xml version="1.0" encoding="utf-8"?><testsuites name="pytest tests"><testsuite name="pytest" errors="0" failures="0" skipped="0" tests="15" time="57.609" timestamp="2026-07-30T23:33:02.349113+00:00" hostname="agent-env-dcc8deb8-7a91-48bc-b60f-ae56f50c7f01"><testcase classname="tests.integration.test_walkins_crm_foundation.TestFullCustomerCapture" name="test_full_capture_splits_customer_and_walkin_fields" time="15.942" /><testcase classname="tests.integration.test_walkins_crm_foundation.TestDuplicateDetection" name="test_high_confidence_matches_formatted_phone" time="5.217" /><testcase classname="tests.integration.test_walkins_crm_foundation.TestDuplicateDetection" name="test_email_match_is_medium_not_high" time="3.925" /><testcase classname="tests.integration.test_walkins_crm_foundation.TestDuplicateDetection" name="test_email_only_walkin_create_returns_409_then_force_new_conflicts_cleanly" time="5.397" /><testcase classname="tests.integration.test_walkins_crm_foundation.TestDuplicateDetection" name="test_email_only_walkin_force_new_succeeds_when_email_unique" time="7.105" /><testcase classname="tests.integration.test_walkins_crm_foundation.TestDuplicateDetection" name="test_name_address_match_requires_resolution" time="3.906" /><testcase classname="tests.integration.test_walkins_crm_foundation.TestSalespersonReassign" name="test_reassign_updates_walkin_and_its_own_followup" time="6.226" /><testcase classname="tests.integration.test_walkins_crm_foundation.TestWorkflowTransitionsConfig" name="test_get_and_put_order_confirmed_transition" time="2.584" /><testcase classname="tests.integration.test_walkins_crm_foundation.TestOrderConfirmedOpsFollowup" name="test_existing_order_confirmed_ops_followup_matches_template_and_timeline" time="3.094" /><testcase classname="tests.integration.test_walkins_crm_foundation.TestBackendRegression" name="test_endpoint_still_200[/followups/stats]" time="1.264" /><testcase classname="tests.integration.test_walkins_crm_foundation.TestBackendRegression" name="test_endpoint_still_200[/quotations]" time="0.308" /><testcase classname="tests.integration.test_walkins_crm_foundation.TestBackendRegression" name="test_endpoint_still_200[/customers]" time="0.286" /><testcase classname="tests.integration.test_walkins_crm_foundation.TestBackendRegression" name="test_endpoint_still_200[/purchase-orders]" time="0.295" /><testcase classname="tests.integration.test_walkins_crm_foundation.TestBackendRegression" name="test_endpoint_still_200[/payments/stats]" time="0.767" /><testcase classname="tests.integration.test_walkins_crm_foundation.TestBackendRegression" name="test_endpoint_still_200[/tile-orders/dashboard]" time="1.223" /></testsuite></testsuites>