<?xml version="1.0" encoding="utf-8"?><testsuites name="pytest tests"><testsuite name="pytest" errors="0" failures="2" skipped="0" tests="17" time="55.437" timestamp="2026-07-30T15:16:54.573014+00:00" hostname="agent-env-8ea3d4a9-61a3-4b65-9d7c-085cec9a7085"><testcase classname="tests.integration.test_followups_v2.TestEventTriggeredReconciliation" name="test_quotation_status_change_triggers_reconcile" time="7.836" /><testcase classname="tests.integration.test_followups_v2.TestEventTriggeredReconciliation" name="test_order_confirm_and_payment_and_dispatch_trigger_reconcile" time="7.212"><failure message="KeyError: 'purchase_orders'">tests/integration/test_followups_v2.py:139: in test_order_confirm_and_payment_and_dispatch_trigger_reconcile
    po_ids = r2.json()["purchase_orders"]
             ^^^^^^^^^^^^^^^^^^^^^^^^^^^^
E   KeyError: 'purchase_orders'</failure></testcase><testcase classname="tests.integration.test_followups_v2.TestNoAnswerEscalation" name="test_second_no_answer_escalates" time="3.029" /><testcase classname="tests.integration.test_followups_v2.TestStatsFields" name="test_stats_has_new_fields" time="1.705" /><testcase classname="tests.integration.test_followups_v2.TestDetailStats" name="test_detail_stats_new_fields" time="2.530" /><testcase classname="tests.integration.test_followups_v2.TestExport" name="test_export_xlsx" time="1.051" /><testcase classname="tests.integration.test_followups_v2.TestExport" name="test_export_csv" time="0.811" /><testcase classname="tests.integration.test_followups_v2.TestExport" name="test_export_respects_filters" time="0.791" /><testcase classname="tests.integration.test_followups_v2.TestExport" name="test_export_route_ordering_not_confused_with_followup_id" time="0.801" /><testcase classname="tests.integration.test_followups_v2.TestSavedViews" name="test_create_list_delete_saved_view" time="1.451" /><testcase classname="tests.integration.test_followups_v2.TestSavedViews" name="test_saved_view_scoped_to_user" time="1.831"><failure message="AssertionError: Saved view leaked across users&#10;assert 'b78f8be4-e7b9-42c0-8577-fac9ce5392b0' not in ['b78f8be4-e7b9-42c0-8577-fac9ce5392b0']">tests/integration/test_followups_v2.py:299: in test_saved_view_scoped_to_user
    assert view_id not in sales_view_ids, "Saved view leaked across users"
E   AssertionError: Saved view leaked across users
E   assert 'b78f8be4-e7b9-42c0-8577-fac9ce5392b0' not in ['b78f8be4-e7b9-42c0-8577-fac9ce5392b0']</failure></testcase><testcase classname="tests.integration.test_followups_v2.TestRegressionExistingEndpoints" name="test_reconcile_manual" time="15.024" /><testcase classname="tests.integration.test_followups_v2.TestRegressionExistingEndpoints" name="test_mission" time="1.714" /><testcase classname="tests.integration.test_followups_v2.TestRegressionExistingEndpoints" name="test_insights" time="1.460" /><testcase classname="tests.integration.test_followups_v2.TestRegressionExistingEndpoints" name="test_list_with_filters" time="0.803" /><testcase classname="tests.integration.test_followups_v2.TestRegressionExistingEndpoints" name="test_create_patch_snooze_complete_contact_dismiss" time="6.415" /><testcase classname="tests.integration.test_followups_v2.TestRegressionExistingEndpoints" name="test_config_rules_and_assignees" time="0.841" /></testsuite></testsuites>